<?xml version="1.0" encoding="UTF-8"?>
<!-- Generated by org.testng.reporters.JUnitReportReporter -->
<testsuite hostname="Panda" name="testcode.TestEstimates" tests="2" failures="0" timestamp="2 Nov 2016 11:46:25 GMT" time="0.024" errors="0">
  <testcase name="testTimSoUoc" time="0.020" classname="testcode.TestEstimates"/>
  <testcase name="testTimSoUocAdvance" time="0.004" classname="testcode.TestEstimates"/>
</testsuite> <!-- testcode.TestEstimates -->
