<?xml version="1.0" encoding="UTF-8"?>
<!-- Generated by org.testng.reporters.JUnitReportReporter -->
<testsuite hostname="Panda" name="testcode.TestPassword" tests="7" failures="0" timestamp="2 Nov 2016 11:48:28 GMT" time="0.042" errors="0">
  <testcase name="testNormalPassword2" time="0.003" classname="testcode.TestPassword"/>
  <testcase name="testNormalPassword3" time="0.003" classname="testcode.TestPassword"/>
  <testcase name="testShortPassword" time="0.009" classname="testcode.TestPassword"/>
  <testcase name="testNormalPassword1" time="0.003" classname="testcode.TestPassword"/>
  <testcase name="testSpecialPassword" time="0.003" classname="testcode.TestPassword"/>
  <testcase name="testNormalPassword" time="0.003" classname="testcode.TestPassword"/>
  <testcase name="testLongPassword" time="0.018" classname="testcode.TestPassword"/>
</testsuite> <!-- testcode.TestPassword -->
